<?xml version="1.0" encoding="UTF-8"?>
<testng-results skipped="0" failed="0" total="2" passed="2">
  <reporter-output>
  </reporter-output>
  <suite name="Default suite" duration-ms="93702" started-at="2017-09-27T12:52:48Z" finished-at="2017-09-27T12:54:22Z">
    <groups>
    </groups>
    <test name="Default test" duration-ms="93702" started-at="2017-09-27T12:52:48Z" finished-at="2017-09-27T12:54:22Z">
      <class name="appium.imdb.datadriven.IMDBDemo">
        <test-method status="PASS" signature="setUp()[pri:0, instance:appium.imdb.datadriven.IMDBDemo@464bee09]" name="setUp" is-config="true" duration-ms="35490" started-at="2017-09-27T18:22:48Z" finished-at="2017-09-27T18:23:24Z">
          <reporter-output>
          </reporter-output>
        </test-method> <!-- setUp -->
        <test-method status="PASS" signature="SignInIDMB()[pri:0, instance:appium.imdb.datadriven.IMDBDemo@464bee09]" name="SignInIDMB" duration-ms="39067" started-at="2017-09-27T18:23:24Z" finished-at="2017-09-27T18:24:03Z">
          <reporter-output>
          </reporter-output>
        </test-method> <!-- SignInIDMB -->
        <test-method status="PASS" signature="SignOutIDMB()[pri:0, instance:appium.imdb.datadriven.IMDBDemo@464bee09]" name="SignOutIDMB" duration-ms="17971" started-at="2017-09-27T18:24:03Z" finished-at="2017-09-27T18:24:21Z">
          <reporter-output>
          </reporter-output>
        </test-method> <!-- SignOutIDMB -->
        <test-method status="PASS" signature="End()[pri:0, instance:appium.imdb.datadriven.IMDBDemo@464bee09]" name="End" is-config="true" duration-ms="1155" started-at="2017-09-27T18:24:21Z" finished-at="2017-09-27T18:24:22Z">
          <reporter-output>
          </reporter-output>
        </test-method> <!-- End -->
      </class> <!-- appium.imdb.datadriven.IMDBDemo -->
    </test> <!-- Default test -->
  </suite> <!-- Default suite -->
</testng-results>
